#! /usr/local/bin/vvp
:ivl_version "12.0 (stable)";
:ivl_delay_selection "TYPICAL";
:vpi_time_precision - 12;
:vpi_module "/usr/local/lib/ivl/system.vpi";
:vpi_module "/usr/local/lib/ivl/vhdl_sys.vpi";
:vpi_module "/usr/local/lib/ivl/vhdl_textio.vpi";
:vpi_module "/usr/local/lib/ivl/v2005_math.vpi";
:vpi_module "/usr/local/lib/ivl/va_math.vpi";
S_0x562090b544e0 .scope module, "mod9_async_tb" "mod9_async_tb" 2 3;
 .timescale -9 -12;
v0x562090b9f7c0_0 .var "clk", 0 0;
v0x562090b9f890_0 .var "rst", 0 0;
v0x562090b9f960_0 .net "y", 4 0, v0x562090b9f660_0;  1 drivers
S_0x562090b8c710 .scope module, "uut" "mod9_async" 2 10, 3 1 0, S_0x562090b544e0;
 .timescale 0 0;
    .port_info 0 /INPUT 1 "clk";
    .port_info 1 /INPUT 1 "rst";
    .port_info 2 /OUTPUT 5 "y";
v0x562090b8c960_0 .net "clk", 0 0, v0x562090b9f7c0_0;  1 drivers
v0x562090b9f4e0_0 .var "counter", 4 0;
v0x562090b9f5c0_0 .net "rst", 0 0, v0x562090b9f890_0;  1 drivers
v0x562090b9f660_0 .var "y", 4 0;
E_0x562090b8af30 .event posedge, v0x562090b9f5c0_0, v0x562090b8c960_0;
    .scope S_0x562090b8c710;
T_0 ;
    %pushi/vec4 0, 0, 5;
    %store/vec4 v0x562090b9f4e0_0, 0, 5;
    %end;
    .thread T_0;
    .scope S_0x562090b8c710;
T_1 ;
    %wait E_0x562090b8af30;
    %load/vec4 v0x562090b9f5c0_0;
    %flag_set/vec4 8;
    %jmp/0xz  T_1.0, 8;
    %load/vec4 v0x562090b9f4e0_0;
    %cmpi/e 8, 0, 5;
    %flag_mov 8, 4;
    %jmp/0 T_1.2, 8;
    %pushi/vec4 0, 0, 5;
    %jmp/1 T_1.3, 8;
T_1.2 ; End of true expr.
    %load/vec4 v0x562090b9f4e0_0;
    %addi 1, 0, 5;
    %jmp/0 T_1.3, 8;
 ; End of false expr.
    %blend;
T_1.3;
    %assign/vec4 v0x562090b9f4e0_0, 0;
    %load/vec4 v0x562090b9f4e0_0;
    %assign/vec4 v0x562090b9f660_0, 0;
    %jmp T_1.1;
T_1.0 ;
    %pushi/vec4 0, 0, 5;
    %assign/vec4 v0x562090b9f4e0_0, 0;
    %pushi/vec4 0, 0, 5;
    %assign/vec4 v0x562090b9f660_0, 0;
T_1.1 ;
    %jmp T_1;
    .thread T_1;
    .scope S_0x562090b544e0;
T_2 ;
    %delay 5000, 0;
    %load/vec4 v0x562090b9f7c0_0;
    %inv;
    %store/vec4 v0x562090b9f7c0_0, 0, 1;
    %jmp T_2;
    .thread T_2;
    .scope S_0x562090b544e0;
T_3 ;
    %pushi/vec4 0, 0, 1;
    %store/vec4 v0x562090b9f7c0_0, 0, 1;
    %pushi/vec4 1, 0, 1;
    %store/vec4 v0x562090b9f890_0, 0, 1;
    %delay 10000, 0;
    %vpi_call 2 28 "$dumpfile", "mod9_async_tb.vcd" {0 0 0};
    %vpi_call 2 29 "$dumpvars" {0 0 0};
    %delay 10000, 0;
    %pushi/vec4 0, 0, 1;
    %store/vec4 v0x562090b9f890_0, 0, 1;
    %delay 20000, 0;
    %pushi/vec4 1, 0, 1;
    %store/vec4 v0x562090b9f890_0, 0, 1;
    %vpi_call 2 36 "$monitor", "Time=%0t clk=%b rst=%b y=%b", $time, v0x562090b9f7c0_0, v0x562090b9f890_0, v0x562090b9f960_0 {0 0 0};
    %delay 100000, 0;
    %vpi_call 2 39 "$finish" {0 0 0};
    %end;
    .thread T_3;
# The file index is used to find the file name in the following table.
:file_names 4;
    "N/A";
    "<interactive>";
    "mod9_asyn_tb.v";
    "mod9_asyn.v";
