#! /usr/local/bin/vvp
:ivl_version "12.0 (stable)";
:ivl_delay_selection "TYPICAL";
:vpi_time_precision - 9;
:vpi_module "/usr/local/lib/ivl/system.vpi";
:vpi_module "/usr/local/lib/ivl/vhdl_sys.vpi";
:vpi_module "/usr/local/lib/ivl/vhdl_textio.vpi";
:vpi_module "/usr/local/lib/ivl/v2005_math.vpi";
:vpi_module "/usr/local/lib/ivl/va_math.vpi";
S_0x55dc05f204e0 .scope module, "tb_and_u_mux" "tb_and_u_mux" 2 3;
 .timescale -9 -9;
v0x55dc05f6c0d0_0 .var "a", 0 0;
v0x55dc05f6c1a0_0 .var "b", 0 0;
v0x55dc05f6c290_0 .net "y", 0 0, v0x55dc05f6bc30_0;  1 drivers
S_0x55dc05f1ed90 .scope module, "uut" "and_u_mux" 2 12, 3 2 0, S_0x55dc05f204e0;
 .timescale 0 0;
    .port_info 0 /INPUT 1 "a";
    .port_info 1 /INPUT 1 "b";
    .port_info 2 /OUTPUT 1 "y";
v0x55dc05f6bd50_0 .net "a", 0 0, v0x55dc05f6c0d0_0;  1 drivers
v0x55dc05f6be10_0 .net "b", 0 0, v0x55dc05f6c1a0_0;  1 drivers
v0x55dc05f6bf00_0 .var "in", 1 0;
v0x55dc05f6c000_0 .net "y", 0 0, v0x55dc05f6bc30_0;  alias, 1 drivers
E_0x55dc05f57ca0 .event anyedge, v0x55dc05f6bb70_0, v0x55dc05f6bd50_0;
S_0x55dc05f1efc0 .scope module, "uut" "mux2x1" 3 5, 4 1 0, S_0x55dc05f1ed90;
 .timescale 0 0;
    .port_info 0 /INPUT 2 "in";
    .port_info 1 /INPUT 1 "sel";
    .port_info 2 /OUTPUT 1 "y";
v0x55dc05f59210_0 .net "in", 1 0, v0x55dc05f6bf00_0;  1 drivers
v0x55dc05f6bb70_0 .net "sel", 0 0, v0x55dc05f6c1a0_0;  alias, 1 drivers
v0x55dc05f6bc30_0 .var "y", 0 0;
E_0x55dc05f57f50 .event anyedge, v0x55dc05f6bb70_0, v0x55dc05f59210_0;
    .scope S_0x55dc05f1efc0;
T_0 ;
    %wait E_0x55dc05f57f50;
    %load/vec4 v0x55dc05f6bb70_0;
    %flag_set/vec4 8;
    %jmp/0 T_0.0, 8;
    %load/vec4 v0x55dc05f59210_0;
    %parti/s 1, 0, 2;
    %jmp/1 T_0.1, 8;
T_0.0 ; End of true expr.
    %load/vec4 v0x55dc05f59210_0;
    %parti/s 1, 1, 2;
    %jmp/0 T_0.1, 8;
 ; End of false expr.
    %blend;
T_0.1;
    %assign/vec4 v0x55dc05f6bc30_0, 0;
    %jmp T_0;
    .thread T_0, $push;
    .scope S_0x55dc05f1ed90;
T_1 ;
    %wait E_0x55dc05f57ca0;
    %pushi/vec4 0, 0, 1;
    %load/vec4 v0x55dc05f6bd50_0;
    %concat/vec4; draw_concat_vec4
    %store/vec4 v0x55dc05f6bf00_0, 0, 2;
    %jmp T_1;
    .thread T_1, $push;
    .scope S_0x55dc05f204e0;
T_2 ;
    %vpi_call 2 20 "$dumpfile", "tb_and_u_mux_waveform.vcd" {0 0 0};
    %vpi_call 2 21 "$dumpvars", 32'sb00000000000000000000000000000000, S_0x55dc05f204e0 {0 0 0};
    %pushi/vec4 0, 0, 1;
    %store/vec4 v0x55dc05f6c0d0_0, 0, 1;
    %pushi/vec4 0, 0, 1;
    %store/vec4 v0x55dc05f6c1a0_0, 0, 1;
    %delay 10, 0;
    %pushi/vec4 1, 0, 1;
    %store/vec4 v0x55dc05f6c0d0_0, 0, 1;
    %pushi/vec4 0, 0, 1;
    %store/vec4 v0x55dc05f6c1a0_0, 0, 1;
    %delay 10, 0;
    %pushi/vec4 0, 0, 1;
    %store/vec4 v0x55dc05f6c0d0_0, 0, 1;
    %pushi/vec4 1, 0, 1;
    %store/vec4 v0x55dc05f6c1a0_0, 0, 1;
    %delay 10, 0;
    %pushi/vec4 1, 0, 1;
    %store/vec4 v0x55dc05f6c0d0_0, 0, 1;
    %pushi/vec4 1, 0, 1;
    %store/vec4 v0x55dc05f6c1a0_0, 0, 1;
    %delay 10, 0;
    %vpi_call 2 46 "$finish" {0 0 0};
    %end;
    .thread T_2;
# The file index is used to find the file name in the following table.
:file_names 5;
    "N/A";
    "<interactive>";
    "and_u_mux_tb.v";
    "and_u_mux.v";
    "./../muxes/mux2x1.v";
